2026-03-26 11:15:51,315 - INFO - ✓ Face models loaded (Detection size: (640, 640))
2026-03-26 11:15:51,623 - INFO - ✓ Added: Naing Lin Htet (quality: 0.76)
2026-03-26 11:15:51,756 - INFO - ✓ Added: Pyae Pyae (quality: 0.77)
2026-03-26 11:15:51,932 - INFO - ✓ Added: Khant Nyar (quality: 0.89)
2026-03-26 11:15:52,155 - INFO - ✓ Added: Htet Aung Kyaw (quality: 0.84)
2026-03-26 11:15:52,177 - INFO - Loading faiss.
2026-03-26 11:15:52,190 - INFO - Successfully loaded faiss.
2026-03-26 11:15:52,194 - INFO - ✓ FAISS index built with 4 faces
2026-03-26 11:15:52,195 - INFO - ==================================================
2026-03-26 11:15:52,195 - INFO - ULTIMATE FACE RECOGNITION SYSTEM READY
2026-03-26 11:15:52,195 - INFO - Known faces: 4
2026-03-26 11:15:52,195 - INFO - Threshold: 0.45
2026-03-26 11:15:52,195 - INFO - ==================================================
2026-03-26 11:15:55,201 - INFO - Starting system...
2026-03-26 11:15:56,833 - INFO - ✓ Camera opened successfully
2026-03-26 11:15:57,450 - INFO - ✓ MATCH SAVED: Pyae Pyae (conf: 0.54)
2026-03-26 11:16:00,237 - INFO - ✓ MATCH SAVED: Khant Nyar (conf: 0.53)
2026-03-26 11:16:00,487 - INFO - ✓ MATCH SAVED: Pyae Pyae (conf: 0.53)
2026-03-26 11:16:03,339 - INFO - ✓ MATCH SAVED: Khant Nyar (conf: 0.53)
2026-03-26 11:16:04,082 - INFO - ✓ MATCH SAVED: Pyae Pyae (conf: 0.53)
2026-03-26 11:16:06,699 - INFO - ✓ MATCH SAVED: Khant Nyar (conf: 0.53)
2026-03-26 11:16:07,322 - INFO - ✓ MATCH SAVED: Pyae Pyae (conf: 0.53)
2026-03-26 11:16:09,794 - INFO - ✓ MATCH SAVED: Khant Nyar (conf: 0.52)
2026-03-26 11:16:10,535 - INFO - ✓ MATCH SAVED: Pyae Pyae (conf: 0.52)
2026-03-26 11:16:12,910 - INFO - ✓ MATCH SAVED: Khant Nyar (conf: 0.52)
2026-03-26 11:16:13,917 - INFO - ✓ MATCH SAVED: Pyae Pyae (conf: 0.53)
2026-03-26 11:16:16,029 - INFO - ✓ MATCH SAVED: Khant Nyar (conf: 0.53)
2026-03-26 11:16:17,021 - INFO - ✓ MATCH SAVED: Pyae Pyae (conf: 0.52)
2026-03-26 11:16:19,246 - INFO - ✓ MATCH SAVED: Khant Nyar (conf: 0.53)
2026-03-26 11:16:20,610 - INFO - ✓ MATCH SAVED: Pyae Pyae (conf: 0.52)
2026-03-26 11:16:22,254 - INFO - ✓ MATCH SAVED: Khant Nyar (conf: 0.53)
2026-03-26 11:16:23,625 - INFO - ✓ MATCH SAVED: Pyae Pyae (conf: 0.52)
2026-03-26 11:16:25,258 - INFO - ✓ MATCH SAVED: Khant Nyar (conf: 0.52)
2026-03-26 11:16:25,759 - INFO - ✓ MATCH SAVED: Htet Aung Kyaw (conf: 0.52)
2026-03-26 11:16:28,633 - INFO - ✓ MATCH SAVED: Khant Nyar (conf: 0.55)
2026-03-26 11:16:29,134 - INFO - ✓ MATCH SAVED: Htet Aung Kyaw (conf: 0.54)
2026-03-26 11:16:32,250 - INFO - ✓ MATCH SAVED: Htet Aung Kyaw (conf: 0.55)
2026-03-26 11:16:33,249 - INFO - ✓ MATCH SAVED: Khant Nyar (conf: 0.54)
2026-03-26 11:16:35,362 - INFO - ✓ MATCH SAVED: Htet Aung Kyaw (conf: 0.55)
2026-03-26 11:16:38,440 - INFO - ✓ MATCH SAVED: Htet Aung Kyaw (conf: 0.53)
2026-03-26 11:16:39,799 - INFO - ✓ MATCH SAVED: Khant Nyar (conf: 0.53)
2026-03-26 11:16:40,664 - INFO - ✓ MATCH SAVED: Pyae Pyae (conf: 0.52)
2026-03-26 11:16:41,652 - INFO - ✓ MATCH SAVED: Htet Aung Kyaw (conf: 0.53)
2026-03-26 11:16:43,749 - INFO - ✓ MATCH SAVED: Pyae Pyae (conf: 0.53)
2026-03-26 11:16:44,737 - INFO - ✓ MATCH SAVED: Htet Aung Kyaw (conf: 0.52)
2026-03-26 11:16:46,833 - INFO - ✓ MATCH SAVED: Pyae Pyae (conf: 0.53)
2026-03-26 11:16:49,916 - INFO - ✓ MATCH SAVED: Pyae Pyae (conf: 0.53)
2026-03-26 11:16:50,777 - INFO - ✓ MATCH SAVED: Htet Aung Kyaw (conf: 0.52)
2026-03-26 11:16:53,370 - INFO - ✓ MATCH SAVED: Pyae Pyae (conf: 0.52)
2026-03-26 11:16:53,865 - INFO - ✓ MATCH SAVED: Htet Aung Kyaw (conf: 0.53)
2026-03-26 11:16:57,250 - INFO - System stopped
2026-03-26 11:47:05,009 - INFO - ✓ Face models loaded (Detection size: [800, 800])
2026-03-26 11:47:05,010 - INFO - ✓ Loaded 4 faces
2026-03-26 11:47:05,049 - INFO - Loading faiss.
2026-03-26 11:47:05,070 - INFO - Successfully loaded faiss.
2026-03-26 11:47:05,077 - INFO - ✓ FAISS index built with 4 faces
2026-03-26 11:47:05,078 - INFO - ✓ FAISS index built with 4 faces
2026-03-26 11:47:05,078 - INFO - ==================================================
2026-03-26 11:47:05,078 - INFO - ULTIMATE FACE RECOGNITION SYSTEM READY
2026-03-26 11:47:05,078 - INFO - Known faces: 4
2026-03-26 11:47:05,078 - INFO - Threshold: 0.42
2026-03-26 11:47:05,078 - INFO - ==================================================
2026-03-26 11:47:08,080 - INFO - Starting system...
2026-03-26 11:47:09,758 - INFO - ✓ Camera opened successfully
2026-03-26 11:47:10,494 - INFO - ✓ MATCH SAVED: Pyae Pyae (conf: 0.52)
2026-03-26 11:47:11,026 - INFO - ✓ MATCH SAVED: Htet Aung Kyaw (conf: 0.53)
2026-03-26 11:47:14,185 - INFO - ✓ MATCH SAVED: Htet Aung Kyaw (conf: 0.54)
2026-03-26 11:47:17,344 - INFO - ✓ MATCH SAVED: Htet Aung Kyaw (conf: 0.53)
2026-03-26 11:47:20,502 - INFO - ✓ MATCH SAVED: Htet Aung Kyaw (conf: 0.55)
2026-03-26 11:47:22,824 - INFO - ✓ MATCH SAVED: Pyae Pyae (conf: 0.53)
2026-03-26 11:47:24,158 - INFO - ✓ MATCH SAVED: Htet Aung Kyaw (conf: 0.52)
2026-03-26 11:47:25,990 - INFO - ✓ MATCH SAVED: Pyae Pyae (conf: 0.53)
2026-03-26 11:47:29,148 - INFO - ✓ MATCH SAVED: Pyae Pyae (conf: 0.53)
2026-03-26 11:47:32,306 - INFO - ✓ MATCH SAVED: Pyae Pyae (conf: 0.54)
2026-03-26 11:47:34,303 - INFO - ✓ MATCH SAVED: Htet Aung Kyaw (conf: 0.52)
2026-03-26 11:47:35,470 - INFO - ✓ MATCH SAVED: Pyae Pyae (conf: 0.52)
2026-03-26 11:47:38,629 - INFO - ✓ MATCH SAVED: Pyae Pyae (conf: 0.52)
2026-03-26 11:47:41,792 - INFO - ✓ MATCH SAVED: Pyae Pyae (conf: 0.53)
2026-03-26 11:47:45,271 - INFO - System stopped
